Downloading/unpacking razor
  Downloading razor-1.0.0.tar.gz
  Running setup.py (path:/tmp/pip-build-tWVAYy/razor/setup.py) egg_info for package razor
    
Installing collected packages: razor
  Running setup.py install for razor
    
    Installing slash script to /home/chopito/.local/bin
Successfully installed razor
Cleaning up...
/usr/local/lib/python2.7/dist-packages/skimage/util/dtype.py:110: UserWarning: Possible precision loss when converting from float64 to uint8
  "%s to %s" % (dtypeobj_in, dtypeobj))
under process
under process
under process
under process
under process
under process
under process
under process
under process
under process
under process
under process
under process
under process
under process
under process
under process
under process
under process
under process
under process
under process
under process
under process
under process
under process
under process
under process
under process
under process
under process
under process
under process
under process
under process
under process
under process
under process
under process
under process
1 30.314297882
2 30.314297882
3 30.314297882
4 30.314297882
5 30.314297882
6 30.314297882
7 30.314297882
8 30.314297882
9 30.314297882
10 30.314297882
11 30.314297882
12 30.314297882
13 30.314297882
14 30.314297882
15 30.314297882
16 30.314297882
17 30.314297882
18 30.314297882
19 30.314297882
20 30.314297882
21 30.314297882
22 30.314297882
23 30.314297882
24 30.314297882
25 30.314297882
26 30.314297882
27 30.314297882
28 30.314297882
29 30.314297882
30 30.314297882
31 30.314297882
32 30.314297882
33 30.314297882
34 30.314297882
35 30.314297882
36 30.314297882
37 30.314297882
38 30.314297882
39 30.314297882
Downloading/unpacking razor
Downloading/unpacking razor
  Downloading razor-1.0.0.tar.gz
  Downloading razor-1.0.0.tar.gz
  Running setup.py (path:/tmp/pip-build-4PUnj9/razor/setup.py) egg_info for package razor
  Running setup.py (path:/tmp/pip-build-4PUnj9/razor/setup.py) egg_info for package razor
    
    
Installing collected packages: razor
Installing collected packages: razor
  Running setup.py install for razor
  Running setup.py install for razor
    
    
    Installing slash script to /home/chopito/.local/bin
    Installing slash script to /home/chopito/.local/bin
Successfully installed razor
Successfully installed razor
Cleaning up...
Cleaning up...
under process
under process
under process
under process
under process
under process
under process
under process
under process
under process
under process
under process
under process
under process
under process
under process
under process
under process
under process
under process
under process
under process
under process
under process
under process
under process
under process
under process
under process
under process
under process
under process
under process
under process
under process
under process
under process
under process
under process
under process
1 30.314297882
2 30.314297882
3 30.314297882
4 30.314297882
5 30.314297882
6 30.314297882
7 30.314297882
8 30.314297882
9 30.314297882
10 30.314297882
11 30.314297882
12 30.314297882
13 30.314297882
14 30.314297882
15 30.314297882
16 30.314297882
17 30.314297882
18 30.314297882
19 30.314297882
20 30.314297882
21 30.314297882
22 30.314297882
23 30.314297882
24 30.314297882
25 30.314297882
26 30.314297882
27 30.314297882
28 30.314297882
29 30.314297882
30 30.314297882
31 30.314297882
32 30.314297882
33 30.314297882
34 30.314297882
35 30.314297882
36 30.314297882
37 30.314297882
38 30.314297882
39 30.314297882
Downloading/unpacking razor
Downloading/unpacking razor
Downloading/unpacking razor
  Downloading razor-1.0.0.tar.gz
  Downloading razor-1.0.0.tar.gz
  Downloading razor-1.0.0.tar.gz
  Running setup.py (path:/tmp/pip-build-SPsLL1/razor/setup.py) egg_info for package razor
  Running setup.py (path:/tmp/pip-build-SPsLL1/razor/setup.py) egg_info for package razor
  Running setup.py (path:/tmp/pip-build-SPsLL1/razor/setup.py) egg_info for package razor
    
    
    
Installing collected packages: razor
Installing collected packages: razor
Installing collected packages: razor
  Running setup.py install for razor
  Running setup.py install for razor
  Running setup.py install for razor
    
    
    
    Installing slash script to /home/chopito/.local/bin
    Installing slash script to /home/chopito/.local/bin
    Installing slash script to /home/chopito/.local/bin
Successfully installed razor
Successfully installed razor
Successfully installed razor
Cleaning up...
Cleaning up...
Cleaning up...
under process
under process
under process
under process
under process
under process
under process
under process
under process
under process
under process
under process
under process
under process
under process
under process
under process
under process
under process
under process
under process
under process
under process
under process
under process
under process
under process
under process
under process
under process
under process
under process
under process
under process
under process
under process
under process
under process
under process
under process
1 30.314297882
2 30.314297882
3 30.314297882
4 30.314297882
5 30.314297882
6 30.314297882
7 30.314297882
8 30.314297882
9 30.314297882
10 30.314297882
11 30.314297882
12 30.314297882
13 30.314297882
14 30.314297882
15 30.314297882
16 30.314297882
17 30.314297882
18 30.314297882
19 30.314297882
20 30.314297882
21 30.314297882
22 30.314297882
23 30.314297882
24 30.314297882
25 30.314297882
26 30.314297882
27 30.314297882
28 30.314297882
29 30.314297882
30 30.314297882
31 30.314297882
32 30.314297882
33 30.314297882
34 30.314297882
35 30.314297882
36 30.314297882
37 30.314297882
38 30.314297882
39 30.314297882
Downloading/unpacking razor
Downloading/unpacking razor
Downloading/unpacking razor
Downloading/unpacking razor
  Downloading razor-1.0.0.tar.gz
  Downloading razor-1.0.0.tar.gz
  Downloading razor-1.0.0.tar.gz
  Downloading razor-1.0.0.tar.gz
  Running setup.py (path:/tmp/pip-build-opm21a/razor/setup.py) egg_info for package razor
  Running setup.py (path:/tmp/pip-build-opm21a/razor/setup.py) egg_info for package razor
  Running setup.py (path:/tmp/pip-build-opm21a/razor/setup.py) egg_info for package razor
  Running setup.py (path:/tmp/pip-build-opm21a/razor/setup.py) egg_info for package razor
    
    
    
    
Installing collected packages: razor
Installing collected packages: razor
Installing collected packages: razor
Installing collected packages: razor
  Running setup.py install for razor
  Running setup.py install for razor
  Running setup.py install for razor
  Running setup.py install for razor
    
    
    
    
    Installing slash script to /home/chopito/.local/bin
    Installing slash script to /home/chopito/.local/bin
    Installing slash script to /home/chopito/.local/bin
    Installing slash script to /home/chopito/.local/bin
Successfully installed razor
Successfully installed razor
Successfully installed razor
Successfully installed razor
Cleaning up...
Cleaning up...
Cleaning up...
Cleaning up...
under process
under process
under process
under process
under process
under process
under process
under process
under process
under process
under process
under process
under process
under process
under process
under process
under process
under process
under process
under process
under process
under process
under process
under process
under process
under process
under process
under process
under process
under process
under process
under process
under process
under process
under process
under process
under process
under process
under process
under process
1 30.314297882
2 30.314297882
3 30.314297882
4 30.314297882
5 30.314297882
6 30.314297882
7 30.314297882
8 30.314297882
9 30.314297882
10 30.314297882
11 30.314297882
12 30.314297882
13 30.314297882
14 30.314297882
15 30.314297882
16 30.314297882
17 30.314297882
18 30.314297882
19 30.314297882
20 30.314297882
21 30.314297882
22 30.314297882
23 30.314297882
24 30.314297882
25 30.314297882
26 30.314297882
27 30.314297882
28 30.314297882
29 30.314297882
30 30.314297882
31 30.314297882
32 30.314297882
33 30.314297882
34 30.314297882
35 30.314297882
36 30.314297882
37 30.314297882
38 30.314297882
39 30.314297882
Downloading/unpacking razor
Downloading/unpacking razor
Downloading/unpacking razor
Downloading/unpacking razor
Downloading/unpacking razor
  Downloading razor-1.0.0.tar.gz
  Downloading razor-1.0.0.tar.gz
  Downloading razor-1.0.0.tar.gz
  Downloading razor-1.0.0.tar.gz
  Downloading razor-1.0.0.tar.gz
  Running setup.py (path:/tmp/pip-build-sRKNIL/razor/setup.py) egg_info for package razor
  Running setup.py (path:/tmp/pip-build-sRKNIL/razor/setup.py) egg_info for package razor
  Running setup.py (path:/tmp/pip-build-sRKNIL/razor/setup.py) egg_info for package razor
  Running setup.py (path:/tmp/pip-build-sRKNIL/razor/setup.py) egg_info for package razor
  Running setup.py (path:/tmp/pip-build-sRKNIL/razor/setup.py) egg_info for package razor
    
    
    
    
    
Installing collected packages: razor
Installing collected packages: razor
Installing collected packages: razor
Installing collected packages: razor
Installing collected packages: razor
  Running setup.py install for razor
  Running setup.py install for razor
  Running setup.py install for razor
  Running setup.py install for razor
  Running setup.py install for razor
    
    
    
    
    
    Installing slash script to /home/chopito/.local/bin
    Installing slash script to /home/chopito/.local/bin
    Installing slash script to /home/chopito/.local/bin
    Installing slash script to /home/chopito/.local/bin
    Installing slash script to /home/chopito/.local/bin
Successfully installed razor
Successfully installed razor
Successfully installed razor
Successfully installed razor
Successfully installed razor
Cleaning up...
Cleaning up...
Cleaning up...
Cleaning up...
Cleaning up...
